<?xml version="1.0" encoding="UTF-8"?>
<coverage generated="1376959122">
  <project timestamp="1376959122">
    <package name="Icecave\Isolator">
      <file name="/home/travis/build/IcecaveStudios/isolator/lib/Icecave/Isolator/Generator.php">
        <class name="Generator" namespace="Icecave\Isolator">
          <metrics methods="8" coveredmethods="8" conditionals="0" coveredconditionals="0" statements="88" coveredstatements="88" elements="96" coveredelements="96"/>
        </class>
        <line num="12" type="method" name="__construct" crap="2" count="10"/>
        <line num="14" type="stmt" count="10"/>
        <line num="15" type="stmt" count="10"/>
        <line num="16" type="stmt" count="10"/>
        <line num="18" type="method" name="generateClass" crap="4" count="2"/>
        <line num="20" type="stmt" count="2"/>
        <line num="21" type="stmt" count="1"/>
        <line num="22" type="stmt" count="1"/>
        <line num="24" type="stmt" count="2"/>
        <line num="25" type="stmt" count="2"/>
        <line num="26" type="stmt" count="2"/>
        <line num="28" type="stmt" count="2"/>
        <line num="29" type="stmt" count="2"/>
        <line num="30" type="stmt" count="2"/>
        <line num="31" type="stmt" count="2"/>
        <line num="32" type="stmt" count="2"/>
        <line num="33" type="stmt" count="2"/>
        <line num="35" type="stmt" count="2"/>
        <line num="36" type="stmt" count="2"/>
        <line num="38" type="stmt" count="2"/>
        <line num="40" type="stmt" count="2"/>
        <line num="43" type="method" name="requiresIsolatorProxy" crap="5" count="5"/>
        <line num="45" type="stmt" count="5"/>
        <line num="46" type="stmt" count="1"/>
        <line num="47" type="stmt" count="4"/>
        <line num="48" type="stmt" count="1"/>
        <line num="51" type="stmt" count="3"/>
        <line num="52" type="stmt" count="3"/>
        <line num="53" type="stmt" count="2"/>
        <line num="55" type="stmt" count="3"/>
        <line num="57" type="stmt" count="2"/>
        <line num="60" type="method" name="inspect" crap="5" count="5"/>
        <line num="62" type="stmt" count="5"/>
        <line num="63" type="stmt" count="5"/>
        <line num="64" type="stmt" count="5"/>
        <line num="66" type="stmt" count="5"/>
        <line num="67" type="stmt" count="5"/>
        <line num="69" type="stmt" count="5"/>
        <line num="70" type="stmt" count="5"/>
        <line num="71" type="stmt" count="5"/>
        <line num="73" type="stmt" count="5"/>
        <line num="74" type="stmt" count="4"/>
        <line num="75" type="stmt" count="4"/>
        <line num="76" type="stmt" count="4"/>
        <line num="77" type="stmt" count="4"/>
        <line num="78" type="stmt" count="4"/>
        <line num="80" type="stmt" count="5"/>
        <line num="82" type="stmt" count="5"/>
        <line num="85" type="method" name="generateProxyMethod" crap="1" count="1"/>
        <line num="87" type="stmt" count="1"/>
        <line num="88" type="stmt" count="1"/>
        <line num="89" type="stmt" count="1"/>
        <line num="90" type="stmt" count="1"/>
        <line num="91" type="stmt" count="1"/>
        <line num="92" type="stmt" count="1"/>
        <line num="93" type="stmt" count="1"/>
        <line num="95" type="stmt" count="1"/>
        <line num="98" type="method" name="generateSignature" crap="5" count="1"/>
        <line num="100" type="stmt" count="1"/>
        <line num="101" type="stmt" count="1"/>
        <line num="102" type="stmt" count="1"/>
        <line num="103" type="stmt" count="1"/>
        <line num="104" type="stmt" count="1"/>
        <line num="105" type="stmt" count="1"/>
        <line num="106" type="stmt" count="1"/>
        <line num="107" type="stmt" count="1"/>
        <line num="108" type="stmt" count="1"/>
        <line num="109" type="stmt" count="1"/>
        <line num="110" type="stmt" count="1"/>
        <line num="111" type="stmt" count="1"/>
        <line num="113" type="stmt" count="1"/>
        <line num="115" type="stmt" count="1"/>
        <line num="116" type="stmt" count="1"/>
        <line num="117" type="stmt" count="1"/>
        <line num="118" type="stmt" count="1"/>
        <line num="121" type="method" name="generateSwitch" crap="3" count="1"/>
        <line num="123" type="stmt" count="1"/>
        <line num="124" type="stmt" count="1"/>
        <line num="127" type="stmt" count="1"/>
        <line num="129" type="stmt" count="1"/>
        <line num="130" type="stmt" count="1"/>
        <line num="132" type="stmt" count="1"/>
        <line num="133" type="stmt" count="1"/>
        <line num="134" type="stmt" count="1"/>
        <line num="135" type="stmt" count="1"/>
        <line num="137" type="stmt" count="1"/>
        <line num="139" type="stmt" count="1"/>
        <line num="142" type="method" name="generateReturn" crap="2" count="1"/>
        <line num="144" type="stmt" count="1"/>
        <line num="145" type="stmt" count="1"/>
        <line num="146" type="stmt" count="1"/>
        <line num="147" type="stmt" count="1"/>
        <line num="149" type="stmt" count="1"/>
        <line num="151" type="stmt" count="1"/>
        <line num="152" type="stmt" count="1"/>
        <line num="153" type="stmt" count="1"/>
        <line num="160" type="stmt" count="0"/>
        <metrics loc="159" ncloc="154" classes="1" methods="8" coveredmethods="8" conditionals="0" coveredconditionals="0" statements="88" coveredstatements="88" elements="96" coveredelements="96"/>
      </file>
      <file name="/home/travis/build/IcecaveStudios/isolator/lib/Icecave/Isolator/Isolator.php">
        <class name="Isolator" namespace="Icecave\Isolator">
          <metrics methods="5" coveredmethods="5" conditionals="0" coveredconditionals="0" statements="42" coveredstatements="42" elements="47" coveredelements="47"/>
        </class>
        <line num="29" type="method" name="__call" crap="9" count="10"/>
        <line num="32" type="stmt" count="10"/>
        <line num="33" type="stmt" count="10"/>
        <line num="37" type="stmt" count="10"/>
        <line num="38" type="stmt" count="1"/>
        <line num="40" type="stmt" count="1"/>
        <line num="41" type="stmt" count="9"/>
        <line num="42" type="stmt" count="4"/>
        <line num="43" type="stmt" count="8"/>
        <line num="44" type="stmt" count="1"/>
        <line num="45" type="stmt" count="7"/>
        <line num="46" type="stmt" count="1"/>
        <line num="47" type="stmt" count="6"/>
        <line num="48" type="stmt" count="1"/>
        <line num="49" type="stmt" count="5"/>
        <line num="50" type="stmt" count="1"/>
        <line num="51" type="stmt" count="4"/>
        <line num="53" type="stmt" count="4"/>
        <line num="55" type="stmt" count="4"/>
        <line num="67" type="method" name="get" crap="2" count="2"/>
        <line num="69" type="stmt" count="2"/>
        <line num="70" type="stmt" count="1"/>
        <line num="73" type="stmt" count="2"/>
        <line num="81" type="method" name="className" crap="1" count="1"/>
        <line num="83" type="stmt" count="1"/>
        <line num="93" type="method" name="getIsolator" crap="7" count="6"/>
        <line num="96" type="stmt" count="6"/>
        <line num="97" type="stmt" count="4"/>
        <line num="101" type="stmt" count="6"/>
        <line num="102" type="stmt" count="2"/>
        <line num="106" type="stmt" count="4"/>
        <line num="107" type="stmt" count="3"/>
        <line num="108" type="stmt" count="3"/>
        <line num="111" type="stmt" count="4"/>
        <line num="112" type="stmt" count="3"/>
        <line num="113" type="stmt" count="3"/>
        <line num="116" type="stmt" count="4"/>
        <line num="117" type="stmt" count="4"/>
        <line num="118" type="stmt" count="4"/>
        <line num="119" type="stmt" count="4"/>
        <line num="120" type="stmt" count="4"/>
        <line num="121" type="stmt" count="4"/>
        <line num="124" type="stmt" count="4"/>
        <line num="126" type="stmt" count="4"/>
        <line num="132" type="method" name="resetIsolator" crap="1" count="13"/>
        <line num="134" type="stmt" count="13"/>
        <line num="135" type="stmt" count="13"/>
        <line num="139" type="stmt" count="0"/>
        <metrics loc="138" ncloc="77" classes="1" methods="5" coveredmethods="5" conditionals="0" coveredconditionals="0" statements="42" coveredstatements="42" elements="47" coveredelements="47"/>
      </file>
      <file name="/home/travis/build/IcecaveStudios/isolator/lib/Icecave/Isolator/IsolatorTrait.php">
        <class name="IsolatorTrait" namespace="Icecave\Isolator">
          <metrics methods="2" coveredmethods="2" conditionals="0" coveredconditionals="0" statements="3" coveredstatements="3" elements="5" coveredelements="5"/>
        </class>
        <line num="14" type="method" name="isolator" crap="1" count="1"/>
        <line num="16" type="stmt" count="1"/>
        <line num="24" type="method" name="setIsolator" crap="1" count="1"/>
        <line num="26" type="stmt" count="1"/>
        <line num="27" type="stmt" count="1"/>
        <line num="31" type="stmt" count="0"/>
        <metrics loc="30" ncloc="17" classes="1" methods="2" coveredmethods="2" conditionals="0" coveredconditionals="0" statements="3" coveredstatements="3" elements="5" coveredelements="5"/>
      </file>
    </package>
    <metrics files="3" loc="327" ncloc="248" classes="3" methods="15" coveredmethods="15" conditionals="0" coveredconditionals="0" statements="133" coveredstatements="133" elements="148" coveredelements="148"/>
  </project>
</coverage>
